{"C:\\orlovke\\yandex\\stellar-burgers\\src\\selectors\\userSelectors.ts": {"path":"C:\\orlovke\\yandex\\stellar-burgers\\src\\selectors\\userSelectors.ts","all":false,"statementMap":{"0":{"start":{"line":1,"column":0},"end":{"line":1,"column":47}},"1":{"start":{"line":2,"column":0},"end":{"line":2,"column":0}},"2":{"start":{"line":3,"column":0},"end":{"line":3,"column":74}},"3":{"start":{"line":4,"column":0},"end":{"line":4,"column":64}},"4":{"start":{"line":5,"column":0},"end":{"line":5,"column":58}},"5":{"start":{"line":6,"column":0},"end":{"line":6,"column":29}},"6":{"start":{"line":7,"column":0},"end":{"line":7,"column":56}},"7":{"start":{"line":8,"column":0},"end":{"line":8,"column":27}},"8":{"start":{"line":9,"column":0},"end":{"line":9,"column":70}}},"s":{"0":1,"1":1,"2":1,"3":1,"4":1,"5":1,"6":1,"7":1,"8":1},"branchMap":{"0":{"type":"branch","line":3,"loc":{"start":{"line":3,"column":30},"end":{"line":3,"column":74}},"locations":[{"start":{"line":3,"column":30},"end":{"line":3,"column":74}}]},"1":{"type":"branch","line":3,"loc":{"start":{"line":3,"column":67},"end":{"line":3,"column":69}},"locations":[{"start":{"line":3,"column":67},"end":{"line":3,"column":69}}]},"2":{"type":"branch","line":4,"loc":{"start":{"line":4,"column":26},"end":{"line":4,"column":53}},"locations":[{"start":{"line":4,"column":26},"end":{"line":4,"column":53}}]},"3":{"type":"branch","line":5,"loc":{"start":{"line":5,"column":37},"end":{"line":6,"column":29}},"locations":[{"start":{"line":5,"column":37},"end":{"line":6,"column":29}}]},"4":{"type":"branch","line":7,"loc":{"start":{"line":7,"column":35},"end":{"line":8,"column":27}},"locations":[{"start":{"line":7,"column":35},"end":{"line":8,"column":27}}]},"5":{"type":"branch","line":9,"loc":{"start":{"line":9,"column":31},"end":{"line":9,"column":58}},"locations":[{"start":{"line":9,"column":31},"end":{"line":9,"column":58}}]}},"b":{"0":[1],"1":[0],"2":[1],"3":[1],"4":[1],"5":[1]},"fnMap":{"0":{"name":"selectUserName","decl":{"start":{"line":3,"column":30},"end":{"line":3,"column":74}},"loc":{"start":{"line":3,"column":30},"end":{"line":3,"column":74}},"line":3},"1":{"name":"selectUser","decl":{"start":{"line":4,"column":26},"end":{"line":4,"column":53}},"loc":{"start":{"line":4,"column":26},"end":{"line":4,"column":53}},"line":4},"2":{"name":"selectIsAuthenticated","decl":{"start":{"line":5,"column":37},"end":{"line":6,"column":29}},"loc":{"start":{"line":5,"column":37},"end":{"line":6,"column":29}},"line":5},"3":{"name":"selectIsAuthChecked","decl":{"start":{"line":7,"column":35},"end":{"line":8,"column":27}},"loc":{"start":{"line":7,"column":35},"end":{"line":8,"column":27}},"line":7},"4":{"name":"selectUserError","decl":{"start":{"line":9,"column":31},"end":{"line":9,"column":58}},"loc":{"start":{"line":9,"column":31},"end":{"line":9,"column":58}},"line":9}},"f":{"0":1,"1":1,"2":1,"3":1,"4":1}}
,"C:\\orlovke\\yandex\\stellar-burgers\\src\\services\\store.ts": {"path":"C:\\orlovke\\yandex\\stellar-burgers\\src\\services\\store.ts","all":false,"statementMap":{"0":{"start":{"line":1,"column":0},"end":{"line":1,"column":67}},"1":{"start":{"line":2,"column":0},"end":{"line":2,"column":59}},"2":{"start":{"line":3,"column":0},"end":{"line":3,"column":72}},"3":{"start":{"line":4,"column":0},"end":{"line":4,"column":46}},"4":{"start":{"line":5,"column":0},"end":{"line":5,"column":48}},"5":{"start":{"line":6,"column":0},"end":{"line":6,"column":46}},"6":{"start":{"line":7,"column":0},"end":{"line":7,"column":48}},"7":{"start":{"line":8,"column":0},"end":{"line":8,"column":8}},"8":{"start":{"line":9,"column":0},"end":{"line":9,"column":23}},"9":{"start":{"line":10,"column":0},"end":{"line":10,"column":30}},"10":{"start":{"line":11,"column":0},"end":{"line":11,"column":29}},"11":{"start":{"line":12,"column":0},"end":{"line":12,"column":21}},"12":{"start":{"line":13,"column":0},"end":{"line":13,"column":0}},"13":{"start":{"line":14,"column":0},"end":{"line":14,"column":44}},"14":{"start":{"line":15,"column":0},"end":{"line":15,"column":34}},"15":{"start":{"line":16,"column":0},"end":{"line":16,"column":46}},"16":{"start":{"line":17,"column":0},"end":{"line":17,"column":20}},"17":{"start":{"line":18,"column":0},"end":{"line":18,"column":22}},"18":{"start":{"line":19,"column":0},"end":{"line":19,"column":20}},"19":{"start":{"line":20,"column":0},"end":{"line":20,"column":21}},"20":{"start":{"line":21,"column":0},"end":{"line":21,"column":3}},"21":{"start":{"line":22,"column":0},"end":{"line":22,"column":0}},"22":{"start":{"line":23,"column":0},"end":{"line":23,"column":37}},"23":{"start":{"line":24,"column":0},"end":{"line":24,"column":23}},"24":{"start":{"line":25,"column":0},"end":{"line":25,"column":49}},"25":{"start":{"line":26,"column":0},"end":{"line":26,"column":3}},"26":{"start":{"line":27,"column":0},"end":{"line":27,"column":0}},"27":{"start":{"line":28,"column":0},"end":{"line":28,"column":55}},"28":{"start":{"line":29,"column":0},"end":{"line":29,"column":0}},"29":{"start":{"line":30,"column":0},"end":{"line":30,"column":48}},"30":{"start":{"line":31,"column":0},"end":{"line":31,"column":0}},"31":{"start":{"line":32,"column":0},"end":{"line":32,"column":70}},"32":{"start":{"line":33,"column":0},"end":{"line":33,"column":76}},"33":{"start":{"line":34,"column":0},"end":{"line":34,"column":0}},"34":{"start":{"line":35,"column":0},"end":{"line":35,"column":21}}},"s":{"0":1,"1":1,"2":1,"3":1,"4":1,"5":1,"6":1,"7":1,"8":1,"9":1,"10":1,"11":1,"12":1,"13":1,"14":1,"15":1,"16":1,"17":1,"18":1,"19":1,"20":1,"21":1,"22":1,"23":1,"24":1,"25":1,"26":1,"27":1,"28":1,"29":1,"30":1,"31":1,"32":1,"33":1,"34":1},"branchMap":{},"b":{},"fnMap":{"0":{"name":"useAppDispatch","decl":{"start":{"line":32,"column":49},"end":{"line":32,"column":67}},"loc":{"start":{"line":32,"column":49},"end":{"line":32,"column":67}},"line":32}},"f":{"0":0}}
,"C:\\orlovke\\yandex\\stellar-burgers\\src\\slices\\burgerConstructorSlice.ts": {"path":"C:\\orlovke\\yandex\\stellar-burgers\\src\\slices\\burgerConstructorSlice.ts","all":false,"statementMap":{"0":{"start":{"line":1,"column":0},"end":{"line":1,"column":62}},"1":{"start":{"line":2,"column":0},"end":{"line":2,"column":67}},"2":{"start":{"line":3,"column":0},"end":{"line":3,"column":0}},"3":{"start":{"line":4,"column":0},"end":{"line":4,"column":25}},"4":{"start":{"line":5,"column":0},"end":{"line":5,"column":26}},"5":{"start":{"line":6,"column":0},"end":{"line":6,"column":40}},"6":{"start":{"line":7,"column":0},"end":{"line":7,"column":2}},"7":{"start":{"line":8,"column":0},"end":{"line":8,"column":0}},"8":{"start":{"line":9,"column":0},"end":{"line":9,"column":47}},"9":{"start":{"line":10,"column":0},"end":{"line":10,"column":12}},"10":{"start":{"line":11,"column":0},"end":{"line":11,"column":17}},"11":{"start":{"line":12,"column":0},"end":{"line":12,"column":2}},"12":{"start":{"line":13,"column":0},"end":{"line":13,"column":0}},"13":{"start":{"line":14,"column":0},"end":{"line":14,"column":44}},"14":{"start":{"line":15,"column":0},"end":{"line":15,"column":28}},"15":{"start":{"line":16,"column":0},"end":{"line":16,"column":15}},"16":{"start":{"line":17,"column":0},"end":{"line":17,"column":13}},"17":{"start":{"line":18,"column":0},"end":{"line":18,"column":60}},"18":{"start":{"line":19,"column":0},"end":{"line":19,"column":33}},"19":{"start":{"line":20,"column":0},"end":{"line":20,"column":6}},"20":{"start":{"line":21,"column":0},"end":{"line":21,"column":78}},"21":{"start":{"line":22,"column":0},"end":{"line":22,"column":45}},"22":{"start":{"line":23,"column":0},"end":{"line":23,"column":6}},"23":{"start":{"line":24,"column":0},"end":{"line":24,"column":23}},"24":{"start":{"line":25,"column":0},"end":{"line":25,"column":12}},"25":{"start":{"line":26,"column":0},"end":{"line":26,"column":51}},"26":{"start":{"line":27,"column":0},"end":{"line":27,"column":10}},"27":{"start":{"line":28,"column":0},"end":{"line":28,"column":51}},"28":{"start":{"line":29,"column":0},"end":{"line":29,"column":47}},"29":{"start":{"line":30,"column":0},"end":{"line":30,"column":8}},"30":{"start":{"line":31,"column":0},"end":{"line":31,"column":6}},"31":{"start":{"line":32,"column":0},"end":{"line":32,"column":40}},"32":{"start":{"line":33,"column":0},"end":{"line":33,"column":3}},"33":{"start":{"line":34,"column":0},"end":{"line":34,"column":3}},"34":{"start":{"line":35,"column":0},"end":{"line":35,"column":76}},"35":{"start":{"line":36,"column":0},"end":{"line":36,"column":33}},"36":{"start":{"line":37,"column":0},"end":{"line":37,"column":46}}},"s":{"0":1,"1":1,"2":1,"3":1,"4":1,"5":1,"6":1,"7":1,"8":1,"9":1,"10":1,"11":1,"12":1,"13":1,"14":1,"15":1,"16":1,"17":1,"18":1,"19":1,"20":1,"21":1,"22":1,"23":1,"24":1,"25":1,"26":1,"27":1,"28":1,"29":1,"30":1,"31":1,"32":1,"33":1,"34":1,"35":1,"36":1},"branchMap":{"0":{"type":"branch","line":18,"loc":{"start":{"line":18,"column":12},"end":{"line":20,"column":5}},"locations":[{"start":{"line":18,"column":12},"end":{"line":20,"column":5}}]},"1":{"type":"branch","line":21,"loc":{"start":{"line":21,"column":19},"end":{"line":23,"column":5}},"locations":[{"start":{"line":21,"column":19},"end":{"line":23,"column":5}}]},"2":{"type":"branch","line":24,"loc":{"start":{"line":24,"column":22},"end":{"line":31,"column":5}},"locations":[{"start":{"line":24,"column":22},"end":{"line":31,"column":5}}]},"3":{"type":"branch","line":29,"loc":{"start":{"line":29,"column":8},"end":{"line":29,"column":22}},"locations":[{"start":{"line":29,"column":8},"end":{"line":29,"column":22}}]},"4":{"type":"branch","line":32,"loc":{"start":{"line":32,"column":22},"end":{"line":32,"column":40}},"locations":[{"start":{"line":32,"column":22},"end":{"line":32,"column":40}}]}},"b":{"0":[1],"1":[1],"2":[1],"3":[1],"4":[1]},"fnMap":{"0":{"name":"setBun","decl":{"start":{"line":18,"column":12},"end":{"line":20,"column":5}},"loc":{"start":{"line":18,"column":12},"end":{"line":20,"column":5}},"line":18},"1":{"name":"addIngredient","decl":{"start":{"line":21,"column":19},"end":{"line":23,"column":5}},"loc":{"start":{"line":21,"column":19},"end":{"line":23,"column":5}},"line":21},"2":{"name":"removeIngredient","decl":{"start":{"line":24,"column":22},"end":{"line":31,"column":5}},"loc":{"start":{"line":24,"column":22},"end":{"line":31,"column":5}},"line":24},"3":{"name":"resetConstructor","decl":{"start":{"line":32,"column":22},"end":{"line":32,"column":40}},"loc":{"start":{"line":32,"column":22},"end":{"line":32,"column":40}},"line":32}},"f":{"0":1,"1":1,"2":1,"3":1}}
,"C:\\orlovke\\yandex\\stellar-burgers\\src\\slices\\feedSlice.ts": {"path":"C:\\orlovke\\yandex\\stellar-burgers\\src\\slices\\feedSlice.ts","all":false,"statementMap":{"0":{"start":{"line":1,"column":0},"end":{"line":1,"column":35}},"1":{"start":{"line":2,"column":0},"end":{"line":2,"column":65}},"2":{"start":{"line":3,"column":0},"end":{"line":3,"column":43}},"3":{"start":{"line":4,"column":0},"end":{"line":4,"column":0}},"4":{"start":{"line":5,"column":0},"end":{"line":5,"column":17}},"5":{"start":{"line":6,"column":0},"end":{"line":6,"column":21}},"6":{"start":{"line":7,"column":0},"end":{"line":7,"column":23}},"7":{"start":{"line":8,"column":0},"end":{"line":8,"column":22}},"8":{"start":{"line":9,"column":0},"end":{"line":9,"column":2}},"9":{"start":{"line":10,"column":0},"end":{"line":10,"column":0}},"10":{"start":{"line":11,"column":0},"end":{"line":11,"column":32}},"11":{"start":{"line":12,"column":0},"end":{"line":12,"column":18}},"12":{"start":{"line":13,"column":0},"end":{"line":13,"column":14}},"13":{"start":{"line":14,"column":0},"end":{"line":14,"column":11}},"14":{"start":{"line":15,"column":0},"end":{"line":15,"column":15}},"15":{"start":{"line":16,"column":0},"end":{"line":16,"column":13}},"16":{"start":{"line":17,"column":0},"end":{"line":17,"column":17}},"17":{"start":{"line":18,"column":0},"end":{"line":18,"column":3}},"18":{"start":{"line":19,"column":0},"end":{"line":19,"column":2}},"19":{"start":{"line":20,"column":0},"end":{"line":20,"column":0}},"20":{"start":{"line":21,"column":0},"end":{"line":21,"column":42}},"21":{"start":{"line":22,"column":0},"end":{"line":22,"column":9}},"22":{"start":{"line":23,"column":0},"end":{"line":23,"column":37}},"23":{"start":{"line":24,"column":0},"end":{"line":24,"column":9}},"24":{"start":{"line":25,"column":0},"end":{"line":25,"column":33}},"25":{"start":{"line":26,"column":0},"end":{"line":26,"column":21}},"26":{"start":{"line":27,"column":0},"end":{"line":27,"column":63}},"27":{"start":{"line":28,"column":0},"end":{"line":28,"column":5}},"28":{"start":{"line":29,"column":0},"end":{"line":29,"column":3}},"29":{"start":{"line":30,"column":0},"end":{"line":30,"column":2}},"30":{"start":{"line":31,"column":0},"end":{"line":31,"column":0}},"31":{"start":{"line":32,"column":0},"end":{"line":32,"column":31}},"32":{"start":{"line":33,"column":0},"end":{"line":33,"column":15}},"33":{"start":{"line":34,"column":0},"end":{"line":34,"column":15}},"34":{"start":{"line":35,"column":0},"end":{"line":35,"column":15}},"35":{"start":{"line":36,"column":0},"end":{"line":36,"column":31}},"36":{"start":{"line":37,"column":0},"end":{"line":37,"column":11}},"37":{"start":{"line":38,"column":0},"end":{"line":38,"column":46}},"38":{"start":{"line":39,"column":0},"end":{"line":39,"column":31}},"39":{"start":{"line":40,"column":0},"end":{"line":40,"column":27}},"40":{"start":{"line":41,"column":0},"end":{"line":41,"column":8}},"41":{"start":{"line":42,"column":0},"end":{"line":42,"column":56}},"42":{"start":{"line":43,"column":0},"end":{"line":43,"column":32}},"43":{"start":{"line":44,"column":0},"end":{"line":44,"column":38}},"44":{"start":{"line":45,"column":0},"end":{"line":45,"column":8}},"45":{"start":{"line":46,"column":0},"end":{"line":46,"column":55}},"46":{"start":{"line":47,"column":0},"end":{"line":47,"column":32}},"47":{"start":{"line":48,"column":0},"end":{"line":48,"column":47}},"48":{"start":{"line":49,"column":0},"end":{"line":49,"column":9}},"49":{"start":{"line":50,"column":0},"end":{"line":50,"column":3}},"50":{"start":{"line":51,"column":0},"end":{"line":51,"column":3}},"51":{"start":{"line":52,"column":0},"end":{"line":52,"column":0}},"52":{"start":{"line":53,"column":0},"end":{"line":53,"column":33}}},"s":{"0":1,"1":1,"2":1,"3":1,"4":1,"5":1,"6":1,"7":1,"8":1,"9":1,"10":1,"11":1,"12":1,"13":1,"14":1,"15":1,"16":1,"17":1,"18":1,"19":1,"20":1,"21":1,"22":1,"23":0,"24":0,"25":0,"26":0,"27":0,"28":0,"29":1,"30":1,"31":1,"32":1,"33":1,"34":1,"35":1,"36":1,"37":1,"38":1,"39":1,"40":1,"41":1,"42":1,"43":1,"44":1,"45":1,"46":1,"47":1,"48":1,"49":1,"50":1,"51":1,"52":1},"branchMap":{"0":{"type":"branch","line":36,"loc":{"start":{"line":36,"column":17},"end":{"line":50,"column":3}},"locations":[{"start":{"line":36,"column":17},"end":{"line":50,"column":3}}]},"1":{"type":"branch","line":38,"loc":{"start":{"line":38,"column":34},"end":{"line":41,"column":7}},"locations":[{"start":{"line":38,"column":34},"end":{"line":41,"column":7}}]},"2":{"type":"branch","line":42,"loc":{"start":{"line":42,"column":36},"end":{"line":45,"column":7}},"locations":[{"start":{"line":42,"column":36},"end":{"line":45,"column":7}}]},"3":{"type":"branch","line":46,"loc":{"start":{"line":46,"column":35},"end":{"line":49,"column":7}},"locations":[{"start":{"line":46,"column":35},"end":{"line":49,"column":7}}]}},"b":{"0":[1],"1":[1],"2":[1],"3":[1]},"fnMap":{"0":{"name":"extraReducers","decl":{"start":{"line":36,"column":17},"end":{"line":50,"column":3}},"loc":{"start":{"line":36,"column":17},"end":{"line":50,"column":3}},"line":36}},"f":{"0":1}}
,"C:\\orlovke\\yandex\\stellar-burgers\\src\\slices\\ingredientSlice.ts": {"path":"C:\\orlovke\\yandex\\stellar-burgers\\src\\slices\\ingredientSlice.ts","all":false,"statementMap":{"0":{"start":{"line":1,"column":0},"end":{"line":1,"column":41}},"1":{"start":{"line":2,"column":0},"end":{"line":2,"column":65}},"2":{"start":{"line":3,"column":0},"end":{"line":3,"column":43}},"3":{"start":{"line":4,"column":0},"end":{"line":4,"column":0}},"4":{"start":{"line":5,"column":0},"end":{"line":5,"column":24}},"5":{"start":{"line":6,"column":0},"end":{"line":6,"column":29}},"6":{"start":{"line":7,"column":0},"end":{"line":7,"column":21}},"7":{"start":{"line":8,"column":0},"end":{"line":8,"column":23}},"8":{"start":{"line":9,"column":0},"end":{"line":9,"column":2}},"9":{"start":{"line":10,"column":0},"end":{"line":10,"column":0}},"10":{"start":{"line":11,"column":0},"end":{"line":11,"column":39}},"11":{"start":{"line":12,"column":0},"end":{"line":12,"column":18}},"12":{"start":{"line":13,"column":0},"end":{"line":13,"column":19}},"13":{"start":{"line":14,"column":0},"end":{"line":14,"column":13}},"14":{"start":{"line":15,"column":0},"end":{"line":15,"column":2}},"15":{"start":{"line":16,"column":0},"end":{"line":16,"column":0}},"16":{"start":{"line":17,"column":0},"end":{"line":17,"column":49}},"17":{"start":{"line":18,"column":0},"end":{"line":18,"column":20}},"18":{"start":{"line":19,"column":0},"end":{"line":19,"column":37}},"19":{"start":{"line":20,"column":0},"end":{"line":20,"column":9}},"20":{"start":{"line":21,"column":0},"end":{"line":21,"column":39}},"21":{"start":{"line":22,"column":0},"end":{"line":22,"column":21}},"22":{"start":{"line":23,"column":0},"end":{"line":23,"column":70}},"23":{"start":{"line":24,"column":0},"end":{"line":24,"column":5}},"24":{"start":{"line":25,"column":0},"end":{"line":25,"column":3}},"25":{"start":{"line":26,"column":0},"end":{"line":26,"column":2}},"26":{"start":{"line":27,"column":0},"end":{"line":27,"column":0}},"27":{"start":{"line":28,"column":0},"end":{"line":28,"column":38}},"28":{"start":{"line":29,"column":0},"end":{"line":29,"column":22}},"29":{"start":{"line":30,"column":0},"end":{"line":30,"column":15}},"30":{"start":{"line":31,"column":0},"end":{"line":31,"column":15}},"31":{"start":{"line":32,"column":0},"end":{"line":32,"column":31}},"32":{"start":{"line":33,"column":0},"end":{"line":33,"column":11}},"33":{"start":{"line":34,"column":0},"end":{"line":34,"column":53}},"34":{"start":{"line":35,"column":0},"end":{"line":35,"column":31}},"35":{"start":{"line":36,"column":0},"end":{"line":36,"column":27}},"36":{"start":{"line":37,"column":0},"end":{"line":37,"column":8}},"37":{"start":{"line":38,"column":0},"end":{"line":38,"column":63}},"38":{"start":{"line":39,"column":0},"end":{"line":39,"column":32}},"39":{"start":{"line":40,"column":0},"end":{"line":40,"column":43}},"40":{"start":{"line":41,"column":0},"end":{"line":41,"column":8}},"41":{"start":{"line":42,"column":0},"end":{"line":42,"column":62}},"42":{"start":{"line":43,"column":0},"end":{"line":43,"column":32}},"43":{"start":{"line":44,"column":0},"end":{"line":44,"column":47}},"44":{"start":{"line":45,"column":0},"end":{"line":45,"column":9}},"45":{"start":{"line":46,"column":0},"end":{"line":46,"column":3}},"46":{"start":{"line":47,"column":0},"end":{"line":47,"column":3}},"47":{"start":{"line":48,"column":0},"end":{"line":48,"column":0}},"48":{"start":{"line":49,"column":0},"end":{"line":49,"column":40}}},"s":{"0":1,"1":1,"2":1,"3":1,"4":1,"5":1,"6":1,"7":1,"8":1,"9":1,"10":1,"11":1,"12":1,"13":1,"14":1,"15":1,"16":1,"17":1,"18":1,"19":0,"20":0,"21":0,"22":0,"23":0,"24":0,"25":1,"26":1,"27":1,"28":1,"29":1,"30":1,"31":1,"32":1,"33":1,"34":1,"35":1,"36":1,"37":1,"38":1,"39":1,"40":1,"41":1,"42":1,"43":1,"44":1,"45":1,"46":1,"47":1,"48":1},"branchMap":{"0":{"type":"branch","line":32,"loc":{"start":{"line":32,"column":17},"end":{"line":46,"column":3}},"locations":[{"start":{"line":32,"column":17},"end":{"line":46,"column":3}}]},"1":{"type":"branch","line":34,"loc":{"start":{"line":34,"column":41},"end":{"line":37,"column":7}},"locations":[{"start":{"line":34,"column":41},"end":{"line":37,"column":7}}]},"2":{"type":"branch","line":38,"loc":{"start":{"line":38,"column":43},"end":{"line":41,"column":7}},"locations":[{"start":{"line":38,"column":43},"end":{"line":41,"column":7}}]},"3":{"type":"branch","line":42,"loc":{"start":{"line":42,"column":42},"end":{"line":45,"column":7}},"locations":[{"start":{"line":42,"column":42},"end":{"line":45,"column":7}}]}},"b":{"0":[1],"1":[1],"2":[1],"3":[1]},"fnMap":{"0":{"name":"extraReducers","decl":{"start":{"line":32,"column":17},"end":{"line":46,"column":3}},"loc":{"start":{"line":32,"column":17},"end":{"line":46,"column":3}},"line":32}},"f":{"0":1}}
,"C:\\orlovke\\yandex\\stellar-burgers\\src\\slices\\modalSlice.ts": {"path":"C:\\orlovke\\yandex\\stellar-burgers\\src\\slices\\modalSlice.ts","all":false,"statementMap":{"0":{"start":{"line":1,"column":0},"end":{"line":1,"column":62}},"1":{"start":{"line":2,"column":0},"end":{"line":2,"column":0}},"2":{"start":{"line":3,"column":0},"end":{"line":3,"column":23}},"3":{"start":{"line":4,"column":0},"end":{"line":4,"column":16}},"4":{"start":{"line":5,"column":0},"end":{"line":5,"column":18}},"5":{"start":{"line":6,"column":0},"end":{"line":6,"column":2}},"6":{"start":{"line":7,"column":0},"end":{"line":7,"column":0}},"7":{"start":{"line":8,"column":0},"end":{"line":8,"column":38}},"8":{"start":{"line":9,"column":0},"end":{"line":9,"column":12}},"9":{"start":{"line":10,"column":0},"end":{"line":10,"column":15}},"10":{"start":{"line":11,"column":0},"end":{"line":11,"column":2}},"11":{"start":{"line":12,"column":0},"end":{"line":12,"column":0}},"12":{"start":{"line":13,"column":0},"end":{"line":13,"column":32}},"13":{"start":{"line":14,"column":0},"end":{"line":14,"column":16}},"14":{"start":{"line":15,"column":0},"end":{"line":15,"column":15}},"15":{"start":{"line":16,"column":0},"end":{"line":16,"column":13}},"16":{"start":{"line":17,"column":0},"end":{"line":17,"column":59}},"17":{"start":{"line":18,"column":0},"end":{"line":18,"column":27}},"18":{"start":{"line":19,"column":0},"end":{"line":19,"column":35}},"19":{"start":{"line":20,"column":0},"end":{"line":20,"column":6}},"20":{"start":{"line":21,"column":0},"end":{"line":21,"column":27}},"21":{"start":{"line":22,"column":0},"end":{"line":22,"column":26}},"22":{"start":{"line":23,"column":0},"end":{"line":23,"column":23}},"23":{"start":{"line":24,"column":0},"end":{"line":24,"column":5}},"24":{"start":{"line":25,"column":0},"end":{"line":25,"column":3}},"25":{"start":{"line":26,"column":0},"end":{"line":26,"column":3}},"26":{"start":{"line":27,"column":0},"end":{"line":27,"column":0}},"27":{"start":{"line":28,"column":0},"end":{"line":28,"column":60}},"28":{"start":{"line":29,"column":0},"end":{"line":29,"column":34}}},"s":{"0":1,"1":1,"2":1,"3":1,"4":1,"5":1,"6":1,"7":1,"8":1,"9":1,"10":1,"11":1,"12":1,"13":1,"14":1,"15":1,"16":1,"17":1,"18":1,"19":1,"20":1,"21":1,"22":1,"23":1,"24":1,"25":1,"26":1,"27":1,"28":1},"branchMap":{"0":{"type":"branch","line":17,"loc":{"start":{"line":17,"column":16},"end":{"line":20,"column":5}},"locations":[{"start":{"line":17,"column":16},"end":{"line":20,"column":5}}]},"1":{"type":"branch","line":21,"loc":{"start":{"line":21,"column":15},"end":{"line":24,"column":5}},"locations":[{"start":{"line":21,"column":15},"end":{"line":24,"column":5}}]}},"b":{"0":[1],"1":[1]},"fnMap":{"0":{"name":"closeModal","decl":{"start":{"line":17,"column":16},"end":{"line":20,"column":5}},"loc":{"start":{"line":17,"column":16},"end":{"line":20,"column":5}},"line":17},"1":{"name":"openModal","decl":{"start":{"line":21,"column":15},"end":{"line":24,"column":5}},"loc":{"start":{"line":21,"column":15},"end":{"line":24,"column":5}},"line":21}},"f":{"0":1,"1":1}}
,"C:\\orlovke\\yandex\\stellar-burgers\\src\\slices\\orderSlice.ts": {"path":"C:\\orlovke\\yandex\\stellar-burgers\\src\\slices\\orderSlice.ts","all":false,"statementMap":{"0":{"start":{"line":1,"column":0},"end":{"line":1,"column":8}},"1":{"start":{"line":2,"column":0},"end":{"line":2,"column":22}},"2":{"start":{"line":3,"column":0},"end":{"line":3,"column":15}},"3":{"start":{"line":4,"column":0},"end":{"line":4,"column":16}},"4":{"start":{"line":5,"column":0},"end":{"line":5,"column":36}},"5":{"start":{"line":6,"column":0},"end":{"line":6,"column":65}},"6":{"start":{"line":7,"column":0},"end":{"line":7,"column":48}},"7":{"start":{"line":8,"column":0},"end":{"line":8,"column":0}},"8":{"start":{"line":9,"column":0},"end":{"line":9,"column":18}},"9":{"start":{"line":10,"column":0},"end":{"line":10,"column":23}},"10":{"start":{"line":11,"column":0},"end":{"line":11,"column":21}},"11":{"start":{"line":12,"column":0},"end":{"line":12,"column":23}},"12":{"start":{"line":13,"column":0},"end":{"line":13,"column":24}},"13":{"start":{"line":14,"column":0},"end":{"line":14,"column":32}},"14":{"start":{"line":15,"column":0},"end":{"line":15,"column":29}},"15":{"start":{"line":16,"column":0},"end":{"line":16,"column":2}},"16":{"start":{"line":17,"column":0},"end":{"line":17,"column":0}},"17":{"start":{"line":18,"column":0},"end":{"line":18,"column":40}},"18":{"start":{"line":19,"column":0},"end":{"line":19,"column":17}},"19":{"start":{"line":20,"column":0},"end":{"line":20,"column":27}},"20":{"start":{"line":21,"column":0},"end":{"line":21,"column":19}},"21":{"start":{"line":22,"column":0},"end":{"line":22,"column":14}},"22":{"start":{"line":23,"column":0},"end":{"line":23,"column":23}},"23":{"start":{"line":24,"column":0},"end":{"line":24,"column":21}},"24":{"start":{"line":25,"column":0},"end":{"line":25,"column":2}},"25":{"start":{"line":26,"column":0},"end":{"line":26,"column":0}},"26":{"start":{"line":27,"column":0},"end":{"line":27,"column":44}},"27":{"start":{"line":28,"column":0},"end":{"line":28,"column":15}},"28":{"start":{"line":29,"column":0},"end":{"line":29,"column":37}},"29":{"start":{"line":30,"column":0},"end":{"line":30,"column":9}},"30":{"start":{"line":31,"column":0},"end":{"line":31,"column":34}},"31":{"start":{"line":32,"column":0},"end":{"line":32,"column":21}},"32":{"start":{"line":33,"column":0},"end":{"line":33,"column":78}},"33":{"start":{"line":34,"column":0},"end":{"line":34,"column":5}},"34":{"start":{"line":35,"column":0},"end":{"line":35,"column":3}},"35":{"start":{"line":36,"column":0},"end":{"line":36,"column":2}},"36":{"start":{"line":37,"column":0},"end":{"line":37,"column":0}},"37":{"start":{"line":38,"column":0},"end":{"line":38,"column":51}},"38":{"start":{"line":39,"column":0},"end":{"line":39,"column":18}},"39":{"start":{"line":40,"column":0},"end":{"line":40,"column":50}},"40":{"start":{"line":41,"column":0},"end":{"line":41,"column":9}},"41":{"start":{"line":42,"column":0},"end":{"line":42,"column":55}},"42":{"start":{"line":43,"column":0},"end":{"line":43,"column":30}},"43":{"start":{"line":44,"column":0},"end":{"line":44,"column":21}},"44":{"start":{"line":45,"column":0},"end":{"line":45,"column":71}},"45":{"start":{"line":46,"column":0},"end":{"line":46,"column":5}},"46":{"start":{"line":47,"column":0},"end":{"line":47,"column":3}},"47":{"start":{"line":48,"column":0},"end":{"line":48,"column":2}},"48":{"start":{"line":49,"column":0},"end":{"line":49,"column":0}},"49":{"start":{"line":50,"column":0},"end":{"line":50,"column":49}},"50":{"start":{"line":51,"column":0},"end":{"line":51,"column":16}},"51":{"start":{"line":52,"column":0},"end":{"line":52,"column":50}},"52":{"start":{"line":53,"column":0},"end":{"line":53,"column":9}},"53":{"start":{"line":54,"column":0},"end":{"line":54,"column":58}},"54":{"start":{"line":55,"column":0},"end":{"line":55,"column":20}},"55":{"start":{"line":56,"column":0},"end":{"line":56,"column":21}},"56":{"start":{"line":57,"column":0},"end":{"line":57,"column":71}},"57":{"start":{"line":58,"column":0},"end":{"line":58,"column":5}},"58":{"start":{"line":59,"column":0},"end":{"line":59,"column":3}},"59":{"start":{"line":60,"column":0},"end":{"line":60,"column":2}},"60":{"start":{"line":61,"column":0},"end":{"line":61,"column":0}},"61":{"start":{"line":62,"column":0},"end":{"line":62,"column":32}},"62":{"start":{"line":63,"column":0},"end":{"line":63,"column":16}},"63":{"start":{"line":64,"column":0},"end":{"line":64,"column":15}},"64":{"start":{"line":65,"column":0},"end":{"line":65,"column":13}},"65":{"start":{"line":66,"column":0},"end":{"line":66,"column":32}},"66":{"start":{"line":67,"column":0},"end":{"line":67,"column":34}},"67":{"start":{"line":68,"column":0},"end":{"line":68,"column":5}},"68":{"start":{"line":69,"column":0},"end":{"line":69,"column":4}},"69":{"start":{"line":70,"column":0},"end":{"line":70,"column":31}},"70":{"start":{"line":71,"column":0},"end":{"line":71,"column":11}},"71":{"start":{"line":72,"column":0},"end":{"line":72,"column":55}},"72":{"start":{"line":73,"column":0},"end":{"line":73,"column":31}},"73":{"start":{"line":74,"column":0},"end":{"line":74,"column":8}},"74":{"start":{"line":75,"column":0},"end":{"line":75,"column":65}},"75":{"start":{"line":76,"column":0},"end":{"line":76,"column":32}},"76":{"start":{"line":77,"column":0},"end":{"line":77,"column":46}},"77":{"start":{"line":78,"column":0},"end":{"line":78,"column":35}},"78":{"start":{"line":79,"column":0},"end":{"line":79,"column":8}},"79":{"start":{"line":80,"column":0},"end":{"line":80,"column":64}},"80":{"start":{"line":81,"column":0},"end":{"line":81,"column":32}},"81":{"start":{"line":82,"column":0},"end":{"line":82,"column":47}},"82":{"start":{"line":83,"column":0},"end":{"line":83,"column":8}},"83":{"start":{"line":84,"column":0},"end":{"line":84,"column":48}},"84":{"start":{"line":85,"column":0},"end":{"line":85,"column":39}},"85":{"start":{"line":86,"column":0},"end":{"line":86,"column":27}},"86":{"start":{"line":87,"column":0},"end":{"line":87,"column":8}},"87":{"start":{"line":88,"column":0},"end":{"line":88,"column":58}},"88":{"start":{"line":89,"column":0},"end":{"line":89,"column":40}},"89":{"start":{"line":90,"column":0},"end":{"line":90,"column":27}},"90":{"start":{"line":91,"column":0},"end":{"line":91,"column":42}},"91":{"start":{"line":92,"column":0},"end":{"line":92,"column":8}},"92":{"start":{"line":93,"column":0},"end":{"line":93,"column":57}},"93":{"start":{"line":94,"column":0},"end":{"line":94,"column":40}},"94":{"start":{"line":95,"column":0},"end":{"line":95,"column":45}},"95":{"start":{"line":96,"column":0},"end":{"line":96,"column":8}},"96":{"start":{"line":97,"column":0},"end":{"line":97,"column":53}},"97":{"start":{"line":98,"column":0},"end":{"line":98,"column":31}},"98":{"start":{"line":99,"column":0},"end":{"line":99,"column":34}},"99":{"start":{"line":100,"column":0},"end":{"line":100,"column":8}},"100":{"start":{"line":101,"column":0},"end":{"line":101,"column":63}},"101":{"start":{"line":102,"column":0},"end":{"line":102,"column":32}},"102":{"start":{"line":103,"column":0},"end":{"line":103,"column":52}},"103":{"start":{"line":104,"column":0},"end":{"line":104,"column":35}},"104":{"start":{"line":105,"column":0},"end":{"line":105,"column":8}},"105":{"start":{"line":106,"column":0},"end":{"line":106,"column":62}},"106":{"start":{"line":107,"column":0},"end":{"line":107,"column":32}},"107":{"start":{"line":108,"column":0},"end":{"line":108,"column":47}},"108":{"start":{"line":109,"column":0},"end":{"line":109,"column":9}},"109":{"start":{"line":110,"column":0},"end":{"line":110,"column":3}},"110":{"start":{"line":111,"column":0},"end":{"line":111,"column":3}},"111":{"start":{"line":112,"column":0},"end":{"line":112,"column":0}},"112":{"start":{"line":113,"column":0},"end":{"line":113,"column":34}},"113":{"start":{"line":114,"column":0},"end":{"line":114,"column":0}},"114":{"start":{"line":115,"column":0},"end":{"line":115,"column":58}}},"s":{"0":1,"1":1,"2":1,"3":1,"4":1,"5":1,"6":1,"7":1,"8":1,"9":1,"10":1,"11":1,"12":1,"13":1,"14":1,"15":1,"16":1,"17":1,"18":1,"19":1,"20":1,"21":1,"22":1,"23":1,"24":1,"25":1,"26":1,"27":1,"28":1,"29":0,"30":0,"31":0,"32":0,"33":0,"34":0,"35":1,"36":1,"37":1,"38":1,"39":1,"40":0,"41":0,"42":0,"43":0,"44":0,"45":0,"46":0,"47":1,"48":1,"49":1,"50":1,"51":1,"52":0,"53":0,"54":0,"55":0,"56":0,"57":0,"58":0,"59":1,"60":1,"61":1,"62":1,"63":1,"64":1,"65":1,"66":1,"67":1,"68":1,"69":1,"70":1,"71":1,"72":0,"73":1,"74":1,"75":1,"76":1,"77":1,"78":1,"79":1,"80":0,"81":0,"82":1,"83":1,"84":0,"85":0,"86":1,"87":1,"88":1,"89":1,"90":1,"91":1,"92":1,"93":0,"94":0,"95":1,"96":1,"97":0,"98":0,"99":1,"100":1,"101":1,"102":1,"103":1,"104":1,"105":1,"106":0,"107":0,"108":1,"109":1,"110":1,"111":1,"112":1,"113":1,"114":1},"branchMap":{"0":{"type":"branch","line":66,"loc":{"start":{"line":66,"column":23},"end":{"line":68,"column":5}},"locations":[{"start":{"line":66,"column":23},"end":{"line":68,"column":5}}]},"1":{"type":"branch","line":70,"loc":{"start":{"line":70,"column":17},"end":{"line":110,"column":3}},"locations":[{"start":{"line":70,"column":17},"end":{"line":110,"column":3}}]},"2":{"type":"branch","line":75,"loc":{"start":{"line":75,"column":45},"end":{"line":79,"column":7}},"locations":[{"start":{"line":75,"column":45},"end":{"line":79,"column":7}}]},"3":{"type":"branch","line":88,"loc":{"start":{"line":88,"column":38},"end":{"line":92,"column":7}},"locations":[{"start":{"line":88,"column":38},"end":{"line":92,"column":7}}]},"4":{"type":"branch","line":101,"loc":{"start":{"line":101,"column":43},"end":{"line":105,"column":7}},"locations":[{"start":{"line":101,"column":43},"end":{"line":105,"column":7}}]}},"b":{"0":[1],"1":[1],"2":[1],"3":[1],"4":[1]},"fnMap":{"0":{"name":"resetOrderModalData","decl":{"start":{"line":66,"column":23},"end":{"line":68,"column":5}},"loc":{"start":{"line":66,"column":23},"end":{"line":68,"column":5}},"line":66},"1":{"name":"extraReducers","decl":{"start":{"line":70,"column":17},"end":{"line":110,"column":3}},"loc":{"start":{"line":70,"column":17},"end":{"line":110,"column":3}},"line":70}},"f":{"0":1,"1":1}}
,"C:\\orlovke\\yandex\\stellar-burgers\\src\\slices\\userSlice.ts": {"path":"C:\\orlovke\\yandex\\stellar-burgers\\src\\slices\\userSlice.ts","all":false,"statementMap":{"0":{"start":{"line":1,"column":0},"end":{"line":1,"column":8}},"1":{"start":{"line":2,"column":0},"end":{"line":2,"column":16}},"2":{"start":{"line":3,"column":0},"end":{"line":3,"column":18}},"3":{"start":{"line":4,"column":0},"end":{"line":4,"column":13}},"4":{"start":{"line":5,"column":0},"end":{"line":5,"column":15}},"5":{"start":{"line":6,"column":0},"end":{"line":6,"column":12}},"6":{"start":{"line":7,"column":0},"end":{"line":7,"column":20}},"7":{"start":{"line":8,"column":0},"end":{"line":8,"column":19}},"8":{"start":{"line":9,"column":0},"end":{"line":9,"column":13}},"9":{"start":{"line":10,"column":0},"end":{"line":10,"column":16}},"10":{"start":{"line":11,"column":0},"end":{"line":11,"column":14}},"11":{"start":{"line":12,"column":0},"end":{"line":12,"column":29}},"12":{"start":{"line":13,"column":0},"end":{"line":13,"column":8}},"13":{"start":{"line":14,"column":0},"end":{"line":14,"column":19}},"14":{"start":{"line":15,"column":0},"end":{"line":15,"column":14}},"15":{"start":{"line":16,"column":0},"end":{"line":16,"column":16}},"16":{"start":{"line":17,"column":0},"end":{"line":17,"column":17}},"17":{"start":{"line":18,"column":0},"end":{"line":18,"column":26}},"18":{"start":{"line":19,"column":0},"end":{"line":19,"column":37}},"19":{"start":{"line":20,"column":0},"end":{"line":20,"column":69}},"20":{"start":{"line":21,"column":0},"end":{"line":21,"column":0}},"21":{"start":{"line":22,"column":0},"end":{"line":22,"column":22}},"22":{"start":{"line":23,"column":0},"end":{"line":23,"column":27}},"23":{"start":{"line":24,"column":0},"end":{"line":24,"column":25}},"24":{"start":{"line":25,"column":0},"end":{"line":25,"column":21}},"25":{"start":{"line":26,"column":0},"end":{"line":26,"column":21}},"26":{"start":{"line":27,"column":0},"end":{"line":27,"column":26}},"27":{"start":{"line":28,"column":0},"end":{"line":28,"column":2}},"28":{"start":{"line":29,"column":0},"end":{"line":29,"column":0}},"29":{"start":{"line":30,"column":0},"end":{"line":30,"column":44}},"30":{"start":{"line":31,"column":0},"end":{"line":31,"column":25}},"31":{"start":{"line":32,"column":0},"end":{"line":32,"column":23}},"32":{"start":{"line":33,"column":0},"end":{"line":33,"column":19}},"33":{"start":{"line":34,"column":0},"end":{"line":34,"column":12}},"34":{"start":{"line":35,"column":0},"end":{"line":35,"column":2}},"35":{"start":{"line":36,"column":0},"end":{"line":36,"column":0}},"36":{"start":{"line":37,"column":0},"end":{"line":37,"column":50}},"37":{"start":{"line":38,"column":0},"end":{"line":38,"column":35}},"38":{"start":{"line":39,"column":0},"end":{"line":39,"column":0}},"39":{"start":{"line":40,"column":0},"end":{"line":40,"column":50}},"40":{"start":{"line":41,"column":0},"end":{"line":41,"column":18}},"41":{"start":{"line":42,"column":0},"end":{"line":42,"column":55}},"42":{"start":{"line":43,"column":0},"end":{"line":43,"column":9}},"43":{"start":{"line":44,"column":0},"end":{"line":44,"column":49}},"44":{"start":{"line":45,"column":0},"end":{"line":45,"column":0}},"45":{"start":{"line":46,"column":0},"end":{"line":46,"column":51}},"46":{"start":{"line":47,"column":0},"end":{"line":47,"column":53}},"47":{"start":{"line":48,"column":0},"end":{"line":48,"column":25}},"48":{"start":{"line":49,"column":0},"end":{"line":49,"column":21}},"49":{"start":{"line":50,"column":0},"end":{"line":50,"column":36}},"50":{"start":{"line":51,"column":0},"end":{"line":51,"column":5}},"51":{"start":{"line":52,"column":0},"end":{"line":52,"column":3}},"52":{"start":{"line":53,"column":0},"end":{"line":53,"column":2}},"53":{"start":{"line":54,"column":0},"end":{"line":54,"column":0}},"54":{"start":{"line":55,"column":0},"end":{"line":55,"column":47}},"55":{"start":{"line":56,"column":0},"end":{"line":56,"column":19}},"56":{"start":{"line":57,"column":0},"end":{"line":57,"column":47}},"57":{"start":{"line":58,"column":0},"end":{"line":58,"column":9}},"58":{"start":{"line":59,"column":0},"end":{"line":59,"column":59}},"59":{"start":{"line":60,"column":0},"end":{"line":60,"column":0}},"60":{"start":{"line":61,"column":0},"end":{"line":61,"column":32}},"61":{"start":{"line":62,"column":0},"end":{"line":62,"column":30}},"62":{"start":{"line":63,"column":0},"end":{"line":63,"column":59}},"63":{"start":{"line":64,"column":0},"end":{"line":64,"column":7}},"64":{"start":{"line":65,"column":0},"end":{"line":65,"column":0}},"65":{"start":{"line":66,"column":0},"end":{"line":66,"column":49}},"66":{"start":{"line":67,"column":0},"end":{"line":67,"column":0}},"67":{"start":{"line":68,"column":0},"end":{"line":68,"column":25}},"68":{"start":{"line":69,"column":0},"end":{"line":69,"column":49}},"69":{"start":{"line":70,"column":0},"end":{"line":70,"column":35}},"70":{"start":{"line":71,"column":0},"end":{"line":71,"column":64}},"71":{"start":{"line":72,"column":0},"end":{"line":72,"column":9}},"72":{"start":{"line":73,"column":0},"end":{"line":73,"column":46}},"73":{"start":{"line":74,"column":0},"end":{"line":74,"column":7}},"74":{"start":{"line":75,"column":0},"end":{"line":75,"column":0}},"75":{"start":{"line":76,"column":0},"end":{"line":76,"column":53}},"76":{"start":{"line":77,"column":0},"end":{"line":77,"column":0}},"77":{"start":{"line":78,"column":0},"end":{"line":78,"column":30}},"78":{"start":{"line":79,"column":0},"end":{"line":79,"column":68}},"79":{"start":{"line":80,"column":0},"end":{"line":80,"column":7}},"80":{"start":{"line":81,"column":0},"end":{"line":81,"column":0}},"81":{"start":{"line":82,"column":0},"end":{"line":82,"column":27}},"82":{"start":{"line":83,"column":0},"end":{"line":83,"column":21}},"83":{"start":{"line":84,"column":0},"end":{"line":84,"column":34}},"84":{"start":{"line":85,"column":0},"end":{"line":85,"column":35}},"85":{"start":{"line":86,"column":0},"end":{"line":86,"column":36}},"86":{"start":{"line":87,"column":0},"end":{"line":87,"column":5}},"87":{"start":{"line":88,"column":0},"end":{"line":88,"column":3}},"88":{"start":{"line":89,"column":0},"end":{"line":89,"column":2}},"89":{"start":{"line":90,"column":0},"end":{"line":90,"column":0}},"90":{"start":{"line":91,"column":0},"end":{"line":91,"column":47}},"91":{"start":{"line":92,"column":0},"end":{"line":92,"column":15}},"92":{"start":{"line":93,"column":0},"end":{"line":93,"column":57}},"93":{"start":{"line":94,"column":0},"end":{"line":94,"column":9}},"94":{"start":{"line":95,"column":0},"end":{"line":95,"column":53}},"95":{"start":{"line":96,"column":0},"end":{"line":96,"column":0}},"96":{"start":{"line":97,"column":0},"end":{"line":97,"column":53}},"97":{"start":{"line":98,"column":0},"end":{"line":98,"column":55}},"98":{"start":{"line":99,"column":0},"end":{"line":99,"column":0}},"99":{"start":{"line":100,"column":0},"end":{"line":100,"column":27}},"100":{"start":{"line":101,"column":0},"end":{"line":101,"column":21}},"101":{"start":{"line":102,"column":0},"end":{"line":102,"column":58}},"102":{"start":{"line":103,"column":0},"end":{"line":103,"column":5}},"103":{"start":{"line":104,"column":0},"end":{"line":104,"column":3}},"104":{"start":{"line":105,"column":0},"end":{"line":105,"column":2}},"105":{"start":{"line":106,"column":0},"end":{"line":106,"column":0}},"106":{"start":{"line":107,"column":0},"end":{"line":107,"column":48}},"107":{"start":{"line":108,"column":0},"end":{"line":108,"column":16}},"108":{"start":{"line":109,"column":0},"end":{"line":109,"column":37}},"109":{"start":{"line":110,"column":0},"end":{"line":110,"column":9}},"110":{"start":{"line":111,"column":0},"end":{"line":111,"column":53}},"111":{"start":{"line":112,"column":0},"end":{"line":112,"column":26}},"112":{"start":{"line":113,"column":0},"end":{"line":113,"column":51}},"113":{"start":{"line":114,"column":0},"end":{"line":114,"column":7}},"114":{"start":{"line":115,"column":0},"end":{"line":115,"column":0}},"115":{"start":{"line":116,"column":0},"end":{"line":116,"column":36}},"116":{"start":{"line":117,"column":0},"end":{"line":117,"column":0}},"117":{"start":{"line":118,"column":0},"end":{"line":118,"column":34}},"118":{"start":{"line":119,"column":0},"end":{"line":119,"column":35}},"119":{"start":{"line":120,"column":0},"end":{"line":120,"column":0}},"120":{"start":{"line":121,"column":0},"end":{"line":121,"column":18}},"121":{"start":{"line":122,"column":0},"end":{"line":122,"column":21}},"122":{"start":{"line":123,"column":0},"end":{"line":123,"column":59}},"123":{"start":{"line":124,"column":0},"end":{"line":124,"column":5}},"124":{"start":{"line":125,"column":0},"end":{"line":125,"column":3}},"125":{"start":{"line":126,"column":0},"end":{"line":126,"column":2}},"126":{"start":{"line":127,"column":0},"end":{"line":127,"column":0}},"127":{"start":{"line":128,"column":0},"end":{"line":128,"column":48}},"128":{"start":{"line":129,"column":0},"end":{"line":129,"column":20}},"129":{"start":{"line":130,"column":0},"end":{"line":130,"column":59}},"130":{"start":{"line":131,"column":0},"end":{"line":131,"column":9}},"131":{"start":{"line":132,"column":0},"end":{"line":132,"column":36}},"132":{"start":{"line":133,"column":0},"end":{"line":133,"column":21}},"133":{"start":{"line":134,"column":0},"end":{"line":134,"column":73}},"134":{"start":{"line":135,"column":0},"end":{"line":135,"column":5}},"135":{"start":{"line":136,"column":0},"end":{"line":136,"column":3}},"136":{"start":{"line":137,"column":0},"end":{"line":137,"column":2}},"137":{"start":{"line":138,"column":0},"end":{"line":138,"column":0}},"138":{"start":{"line":139,"column":0},"end":{"line":139,"column":47}},"139":{"start":{"line":140,"column":0},"end":{"line":140,"column":19}},"140":{"start":{"line":141,"column":0},"end":{"line":141,"column":77}},"141":{"start":{"line":142,"column":0},"end":{"line":142,"column":9}},"142":{"start":{"line":143,"column":0},"end":{"line":143,"column":35}},"143":{"start":{"line":144,"column":0},"end":{"line":144,"column":21}},"144":{"start":{"line":145,"column":0},"end":{"line":145,"column":74}},"145":{"start":{"line":146,"column":0},"end":{"line":146,"column":5}},"146":{"start":{"line":147,"column":0},"end":{"line":147,"column":3}},"147":{"start":{"line":148,"column":0},"end":{"line":148,"column":2}},"148":{"start":{"line":149,"column":0},"end":{"line":149,"column":0}},"149":{"start":{"line":150,"column":0},"end":{"line":150,"column":42}},"150":{"start":{"line":151,"column":0},"end":{"line":151,"column":17}},"151":{"start":{"line":152,"column":0},"end":{"line":152,"column":37}},"152":{"start":{"line":153,"column":0},"end":{"line":153,"column":38}},"153":{"start":{"line":154,"column":0},"end":{"line":154,"column":9}},"154":{"start":{"line":155,"column":0},"end":{"line":155,"column":45}},"155":{"start":{"line":156,"column":0},"end":{"line":156,"column":19}},"156":{"start":{"line":157,"column":0},"end":{"line":157,"column":43}},"157":{"start":{"line":158,"column":0},"end":{"line":158,"column":7}},"158":{"start":{"line":159,"column":0},"end":{"line":159,"column":0}},"159":{"start":{"line":160,"column":0},"end":{"line":160,"column":45}},"160":{"start":{"line":161,"column":0},"end":{"line":161,"column":28}},"161":{"start":{"line":162,"column":0},"end":{"line":162,"column":64}},"162":{"start":{"line":163,"column":0},"end":{"line":163,"column":7}},"163":{"start":{"line":164,"column":0},"end":{"line":164,"column":0}},"164":{"start":{"line":165,"column":0},"end":{"line":165,"column":25}},"165":{"start":{"line":166,"column":0},"end":{"line":166,"column":21}},"166":{"start":{"line":167,"column":0},"end":{"line":167,"column":34}},"167":{"start":{"line":168,"column":0},"end":{"line":168,"column":35}},"168":{"start":{"line":169,"column":0},"end":{"line":169,"column":65}},"169":{"start":{"line":170,"column":0},"end":{"line":170,"column":5}},"170":{"start":{"line":171,"column":0},"end":{"line":171,"column":3}},"171":{"start":{"line":172,"column":0},"end":{"line":172,"column":2}},"172":{"start":{"line":173,"column":0},"end":{"line":173,"column":0}},"173":{"start":{"line":174,"column":0},"end":{"line":174,"column":48}},"174":{"start":{"line":175,"column":0},"end":{"line":175,"column":20}},"175":{"start":{"line":176,"column":0},"end":{"line":176,"column":64}},"176":{"start":{"line":177,"column":0},"end":{"line":177,"column":9}},"177":{"start":{"line":178,"column":0},"end":{"line":178,"column":47}},"178":{"start":{"line":179,"column":0},"end":{"line":179,"column":25}},"179":{"start":{"line":180,"column":0},"end":{"line":180,"column":21}},"180":{"start":{"line":181,"column":0},"end":{"line":181,"column":29}},"181":{"start":{"line":182,"column":0},"end":{"line":182,"column":60}},"182":{"start":{"line":183,"column":0},"end":{"line":183,"column":8}},"183":{"start":{"line":184,"column":0},"end":{"line":184,"column":5}},"184":{"start":{"line":185,"column":0},"end":{"line":185,"column":3}},"185":{"start":{"line":186,"column":0},"end":{"line":186,"column":2}},"186":{"start":{"line":187,"column":0},"end":{"line":187,"column":0}},"187":{"start":{"line":188,"column":0},"end":{"line":188,"column":31}},"188":{"start":{"line":189,"column":0},"end":{"line":189,"column":15}},"189":{"start":{"line":190,"column":0},"end":{"line":190,"column":15}},"190":{"start":{"line":191,"column":0},"end":{"line":191,"column":13}},"191":{"start":{"line":192,"column":0},"end":{"line":192,"column":64}},"192":{"start":{"line":193,"column":0},"end":{"line":193,"column":43}},"193":{"start":{"line":194,"column":0},"end":{"line":194,"column":5}},"194":{"start":{"line":195,"column":0},"end":{"line":195,"column":4}},"195":{"start":{"line":196,"column":0},"end":{"line":196,"column":31}},"196":{"start":{"line":197,"column":0},"end":{"line":197,"column":11}},"197":{"start":{"line":198,"column":0},"end":{"line":198,"column":64}},"198":{"start":{"line":199,"column":0},"end":{"line":199,"column":32}},"199":{"start":{"line":200,"column":0},"end":{"line":200,"column":37}},"200":{"start":{"line":201,"column":0},"end":{"line":201,"column":36}},"201":{"start":{"line":202,"column":0},"end":{"line":202,"column":35}},"202":{"start":{"line":203,"column":0},"end":{"line":203,"column":32}},"203":{"start":{"line":204,"column":0},"end":{"line":204,"column":8}},"204":{"start":{"line":205,"column":0},"end":{"line":205,"column":61}},"205":{"start":{"line":206,"column":0},"end":{"line":206,"column":32}},"206":{"start":{"line":207,"column":0},"end":{"line":207,"column":37}},"207":{"start":{"line":208,"column":0},"end":{"line":208,"column":36}},"208":{"start":{"line":209,"column":0},"end":{"line":209,"column":35}},"209":{"start":{"line":210,"column":0},"end":{"line":210,"column":32}},"210":{"start":{"line":211,"column":0},"end":{"line":211,"column":8}},"211":{"start":{"line":212,"column":0},"end":{"line":212,"column":54}},"212":{"start":{"line":213,"column":0},"end":{"line":213,"column":32}},"213":{"start":{"line":214,"column":0},"end":{"line":214,"column":38}},"214":{"start":{"line":215,"column":0},"end":{"line":215,"column":26}},"215":{"start":{"line":216,"column":0},"end":{"line":216,"column":35}},"216":{"start":{"line":217,"column":0},"end":{"line":217,"column":32}},"217":{"start":{"line":218,"column":0},"end":{"line":218,"column":8}},"218":{"start":{"line":219,"column":0},"end":{"line":219,"column":61}},"219":{"start":{"line":220,"column":0},"end":{"line":220,"column":32}},"220":{"start":{"line":221,"column":0},"end":{"line":221,"column":37}},"221":{"start":{"line":222,"column":0},"end":{"line":222,"column":36}},"222":{"start":{"line":223,"column":0},"end":{"line":223,"column":35}},"223":{"start":{"line":224,"column":0},"end":{"line":224,"column":32}},"224":{"start":{"line":225,"column":0},"end":{"line":225,"column":8}},"225":{"start":{"line":226,"column":0},"end":{"line":226,"column":60}},"226":{"start":{"line":227,"column":0},"end":{"line":227,"column":32}},"227":{"start":{"line":228,"column":0},"end":{"line":228,"column":38}},"228":{"start":{"line":229,"column":0},"end":{"line":229,"column":26}},"229":{"start":{"line":230,"column":0},"end":{"line":230,"column":35}},"230":{"start":{"line":231,"column":0},"end":{"line":231,"column":51}},"231":{"start":{"line":232,"column":0},"end":{"line":232,"column":47}},"232":{"start":{"line":233,"column":0},"end":{"line":233,"column":25}},"233":{"start":{"line":234,"column":0},"end":{"line":234,"column":8}},"234":{"start":{"line":235,"column":0},"end":{"line":235,"column":56}},"235":{"start":{"line":236,"column":0},"end":{"line":236,"column":32}},"236":{"start":{"line":237,"column":0},"end":{"line":237,"column":37}},"237":{"start":{"line":238,"column":0},"end":{"line":238,"column":36}},"238":{"start":{"line":239,"column":0},"end":{"line":239,"column":35}},"239":{"start":{"line":240,"column":0},"end":{"line":240,"column":32}},"240":{"start":{"line":241,"column":0},"end":{"line":241,"column":8}},"241":{"start":{"line":242,"column":0},"end":{"line":242,"column":62}},"242":{"start":{"line":243,"column":0},"end":{"line":243,"column":32}},"243":{"start":{"line":244,"column":0},"end":{"line":244,"column":36}},"244":{"start":{"line":245,"column":0},"end":{"line":245,"column":32}},"245":{"start":{"line":246,"column":0},"end":{"line":246,"column":8}},"246":{"start":{"line":247,"column":0},"end":{"line":247,"column":63}},"247":{"start":{"line":248,"column":0},"end":{"line":248,"column":51}},"248":{"start":{"line":249,"column":0},"end":{"line":249,"column":47}},"249":{"start":{"line":250,"column":0},"end":{"line":250,"column":25}},"250":{"start":{"line":251,"column":0},"end":{"line":251,"column":8}},"251":{"start":{"line":252,"column":0},"end":{"line":252,"column":60}},"252":{"start":{"line":253,"column":0},"end":{"line":253,"column":51}},"253":{"start":{"line":254,"column":0},"end":{"line":254,"column":47}},"254":{"start":{"line":255,"column":0},"end":{"line":255,"column":25}},"255":{"start":{"line":256,"column":0},"end":{"line":256,"column":8}},"256":{"start":{"line":257,"column":0},"end":{"line":257,"column":61}},"257":{"start":{"line":258,"column":0},"end":{"line":258,"column":51}},"258":{"start":{"line":259,"column":0},"end":{"line":259,"column":47}},"259":{"start":{"line":260,"column":0},"end":{"line":260,"column":25}},"260":{"start":{"line":261,"column":0},"end":{"line":261,"column":8}},"261":{"start":{"line":262,"column":0},"end":{"line":262,"column":55}},"262":{"start":{"line":263,"column":0},"end":{"line":263,"column":51}},"263":{"start":{"line":264,"column":0},"end":{"line":264,"column":47}},"264":{"start":{"line":265,"column":0},"end":{"line":265,"column":25}},"265":{"start":{"line":266,"column":0},"end":{"line":266,"column":8}},"266":{"start":{"line":267,"column":0},"end":{"line":267,"column":61}},"267":{"start":{"line":268,"column":0},"end":{"line":268,"column":51}},"268":{"start":{"line":269,"column":0},"end":{"line":269,"column":47}},"269":{"start":{"line":270,"column":0},"end":{"line":270,"column":25}},"270":{"start":{"line":271,"column":0},"end":{"line":271,"column":8}},"271":{"start":{"line":272,"column":0},"end":{"line":272,"column":47}},"272":{"start":{"line":273,"column":0},"end":{"line":273,"column":31}},"273":{"start":{"line":274,"column":0},"end":{"line":274,"column":32}},"274":{"start":{"line":275,"column":0},"end":{"line":275,"column":9}},"275":{"start":{"line":276,"column":0},"end":{"line":276,"column":3}},"276":{"start":{"line":277,"column":0},"end":{"line":277,"column":3}},"277":{"start":{"line":278,"column":0},"end":{"line":278,"column":52}},"278":{"start":{"line":279,"column":0},"end":{"line":279,"column":33}}},"s":{"0":1,"1":1,"2":1,"3":1,"4":1,"5":1,"6":1,"7":1,"8":1,"9":1,"10":1,"11":1,"12":1,"13":1,"14":1,"15":1,"16":1,"17":1,"18":1,"19":1,"20":1,"21":1,"22":1,"23":1,"24":1,"25":1,"26":1,"27":1,"28":1,"29":1,"30":1,"31":1,"32":1,"33":1,"34":1,"35":1,"36":1,"37":4,"38":1,"39":1,"40":1,"41":1,"42":0,"43":0,"44":0,"45":0,"46":0,"47":0,"48":0,"49":0,"50":0,"51":0,"52":1,"53":1,"54":1,"55":1,"56":1,"57":0,"58":0,"59":0,"60":0,"61":0,"62":0,"63":0,"64":0,"65":0,"66":0,"67":0,"68":0,"69":0,"70":0,"71":0,"72":0,"73":0,"74":0,"75":0,"76":0,"77":0,"78":0,"79":0,"80":0,"81":0,"82":0,"83":0,"84":0,"85":0,"86":0,"87":0,"88":1,"89":1,"90":1,"91":1,"92":1,"93":0,"94":0,"95":0,"96":0,"97":0,"98":0,"99":0,"100":0,"101":0,"102":0,"103":0,"104":1,"105":1,"106":1,"107":1,"108":1,"109":0,"110":0,"111":0,"112":0,"113":0,"114":0,"115":0,"116":0,"117":0,"118":0,"119":0,"120":0,"121":0,"122":0,"123":0,"124":0,"125":1,"126":1,"127":1,"128":1,"129":1,"130":0,"131":0,"132":0,"133":0,"134":0,"135":0,"136":1,"137":1,"138":1,"139":1,"140":1,"141":0,"142":0,"143":0,"144":0,"145":0,"146":0,"147":1,"148":1,"149":1,"150":1,"151":1,"152":0,"153":0,"154":0,"155":0,"156":0,"157":0,"158":0,"159":0,"160":0,"161":0,"162":0,"163":0,"164":0,"165":0,"166":0,"167":0,"168":0,"169":0,"170":0,"171":1,"172":1,"173":1,"174":1,"175":1,"176":0,"177":0,"178":0,"179":0,"180":0,"181":0,"182":0,"183":0,"184":0,"185":1,"186":1,"187":1,"188":1,"189":1,"190":1,"191":1,"192":1,"193":1,"194":1,"195":1,"196":1,"197":1,"198":1,"199":1,"200":1,"201":1,"202":1,"203":1,"204":1,"205":1,"206":1,"207":1,"208":1,"209":1,"210":1,"211":1,"212":1,"213":1,"214":1,"215":1,"216":1,"217":1,"218":1,"219":1,"220":1,"221":1,"222":1,"223":1,"224":1,"225":1,"226":1,"227":1,"228":1,"229":1,"230":1,"231":1,"232":1,"233":1,"234":1,"235":1,"236":1,"237":1,"238":1,"239":1,"240":1,"241":1,"242":1,"243":1,"244":1,"245":1,"246":1,"247":1,"248":1,"249":1,"250":1,"251":1,"252":1,"253":1,"254":1,"255":1,"256":1,"257":0,"258":0,"259":0,"260":1,"261":1,"262":1,"263":1,"264":1,"265":1,"266":1,"267":0,"268":0,"269":0,"270":1,"271":1,"272":2,"273":2,"274":1,"275":1,"276":1,"277":1,"278":1},"branchMap":{"0":{"type":"branch","line":37,"loc":{"start":{"line":37,"column":24},"end":{"line":38,"column":35}},"locations":[{"start":{"line":37,"column":24},"end":{"line":38,"column":35}}]},"1":{"type":"branch","line":192,"loc":{"start":{"line":192,"column":20},"end":{"line":194,"column":5}},"locations":[{"start":{"line":192,"column":20},"end":{"line":194,"column":5}}]},"2":{"type":"branch","line":196,"loc":{"start":{"line":196,"column":17},"end":{"line":276,"column":3}},"locations":[{"start":{"line":196,"column":17},"end":{"line":276,"column":3}}]},"3":{"type":"branch","line":198,"loc":{"start":{"line":198,"column":44},"end":{"line":204,"column":7}},"locations":[{"start":{"line":198,"column":44},"end":{"line":204,"column":7}}]},"4":{"type":"branch","line":205,"loc":{"start":{"line":205,"column":41},"end":{"line":211,"column":7}},"locations":[{"start":{"line":205,"column":41},"end":{"line":211,"column":7}}]},"5":{"type":"branch","line":212,"loc":{"start":{"line":212,"column":42},"end":{"line":218,"column":7}},"locations":[{"start":{"line":212,"column":42},"end":{"line":218,"column":7}}]},"6":{"type":"branch","line":219,"loc":{"start":{"line":219,"column":41},"end":{"line":225,"column":7}},"locations":[{"start":{"line":219,"column":41},"end":{"line":225,"column":7}}]},"7":{"type":"branch","line":226,"loc":{"start":{"line":226,"column":40},"end":{"line":234,"column":7}},"locations":[{"start":{"line":226,"column":40},"end":{"line":234,"column":7}}]},"8":{"type":"branch","line":232,"loc":{"start":{"line":232,"column":10},"end":{"line":232,"column":47}},"locations":[{"start":{"line":232,"column":10},"end":{"line":232,"column":47}}]},"9":{"type":"branch","line":235,"loc":{"start":{"line":235,"column":36},"end":{"line":241,"column":7}},"locations":[{"start":{"line":235,"column":36},"end":{"line":241,"column":7}}]},"10":{"type":"branch","line":242,"loc":{"start":{"line":242,"column":42},"end":{"line":246,"column":7}},"locations":[{"start":{"line":242,"column":42},"end":{"line":246,"column":7}}]},"11":{"type":"branch","line":247,"loc":{"start":{"line":247,"column":43},"end":{"line":251,"column":7}},"locations":[{"start":{"line":247,"column":43},"end":{"line":251,"column":7}}]},"12":{"type":"branch","line":249,"loc":{"start":{"line":249,"column":10},"end":{"line":249,"column":47}},"locations":[{"start":{"line":249,"column":10},"end":{"line":249,"column":47}}]},"13":{"type":"branch","line":252,"loc":{"start":{"line":252,"column":40},"end":{"line":256,"column":7}},"locations":[{"start":{"line":252,"column":40},"end":{"line":256,"column":7}}]},"14":{"type":"branch","line":254,"loc":{"start":{"line":254,"column":10},"end":{"line":254,"column":47}},"locations":[{"start":{"line":254,"column":10},"end":{"line":254,"column":47}}]},"15":{"type":"branch","line":262,"loc":{"start":{"line":262,"column":35},"end":{"line":266,"column":7}},"locations":[{"start":{"line":262,"column":35},"end":{"line":266,"column":7}}]},"16":{"type":"branch","line":264,"loc":{"start":{"line":264,"column":10},"end":{"line":264,"column":47}},"locations":[{"start":{"line":264,"column":10},"end":{"line":264,"column":47}}]},"17":{"type":"branch","line":272,"loc":{"start":{"line":272,"column":35},"end":{"line":275,"column":7}},"locations":[{"start":{"line":272,"column":35},"end":{"line":275,"column":7}}]}},"b":{"0":[4],"1":[1],"2":[1],"3":[1],"4":[1],"5":[1],"6":[1],"7":[1],"8":[0],"9":[1],"10":[1],"11":[1],"12":[0],"13":[1],"14":[0],"15":[1],"16":[0],"17":[2]},"fnMap":{"0":{"name":"isPendingAction","decl":{"start":{"line":37,"column":24},"end":{"line":38,"column":35}},"loc":{"start":{"line":37,"column":24},"end":{"line":38,"column":35}},"line":37},"1":{"name":"setAuthChecked","decl":{"start":{"line":192,"column":20},"end":{"line":194,"column":5}},"loc":{"start":{"line":192,"column":20},"end":{"line":194,"column":5}},"line":192},"2":{"name":"extraReducers","decl":{"start":{"line":196,"column":17},"end":{"line":276,"column":3}},"loc":{"start":{"line":196,"column":17},"end":{"line":276,"column":3}},"line":196}},"f":{"0":4,"1":1,"2":1}}
,"C:\\orlovke\\yandex\\stellar-burgers\\src\\utils\\burger-api.ts": {"path":"C:\\orlovke\\yandex\\stellar-burgers\\src\\utils\\burger-api.ts","all":false,"statementMap":{"0":{"start":{"line":1,"column":0},"end":{"line":1,"column":48}},"1":{"start":{"line":2,"column":0},"end":{"line":2,"column":53}},"2":{"start":{"line":3,"column":0},"end":{"line":3,"column":0}},"3":{"start":{"line":4,"column":0},"end":{"line":4,"column":39}},"4":{"start":{"line":5,"column":0},"end":{"line":5,"column":0}},"5":{"start":{"line":6,"column":0},"end":{"line":6,"column":55}},"6":{"start":{"line":7,"column":0},"end":{"line":7,"column":70}},"7":{"start":{"line":8,"column":0},"end":{"line":8,"column":0}},"8":{"start":{"line":9,"column":0},"end":{"line":9,"column":27}},"9":{"start":{"line":10,"column":0},"end":{"line":10,"column":19}},"10":{"start":{"line":11,"column":0},"end":{"line":11,"column":6}},"11":{"start":{"line":12,"column":0},"end":{"line":12,"column":0}},"12":{"start":{"line":13,"column":0},"end":{"line":13,"column":41}},"13":{"start":{"line":14,"column":0},"end":{"line":14,"column":23}},"14":{"start":{"line":15,"column":0},"end":{"line":15,"column":22}},"15":{"start":{"line":16,"column":0},"end":{"line":16,"column":3}},"16":{"start":{"line":17,"column":0},"end":{"line":17,"column":0}},"17":{"start":{"line":18,"column":0},"end":{"line":18,"column":60}},"18":{"start":{"line":19,"column":0},"end":{"line":19,"column":30}},"19":{"start":{"line":20,"column":0},"end":{"line":20,"column":19}},"20":{"start":{"line":21,"column":0},"end":{"line":21,"column":14}},"21":{"start":{"line":22,"column":0},"end":{"line":22,"column":54}},"22":{"start":{"line":23,"column":0},"end":{"line":23,"column":6}},"23":{"start":{"line":24,"column":0},"end":{"line":24,"column":26}},"24":{"start":{"line":25,"column":0},"end":{"line":25,"column":49}},"25":{"start":{"line":26,"column":0},"end":{"line":26,"column":6}},"26":{"start":{"line":27,"column":0},"end":{"line":27,"column":4}},"27":{"start":{"line":28,"column":0},"end":{"line":28,"column":56}},"28":{"start":{"line":29,"column":0},"end":{"line":29,"column":28}},"29":{"start":{"line":30,"column":0},"end":{"line":30,"column":33}},"30":{"start":{"line":31,"column":0},"end":{"line":31,"column":43}},"31":{"start":{"line":32,"column":0},"end":{"line":32,"column":7}},"32":{"start":{"line":33,"column":0},"end":{"line":33,"column":58}},"33":{"start":{"line":34,"column":0},"end":{"line":34,"column":56}},"34":{"start":{"line":35,"column":0},"end":{"line":35,"column":25}},"35":{"start":{"line":36,"column":0},"end":{"line":36,"column":7}},"36":{"start":{"line":37,"column":0},"end":{"line":37,"column":0}},"37":{"start":{"line":38,"column":0},"end":{"line":38,"column":42}},"38":{"start":{"line":39,"column":0},"end":{"line":39,"column":19}},"39":{"start":{"line":40,"column":0},"end":{"line":40,"column":22}},"40":{"start":{"line":41,"column":0},"end":{"line":41,"column":6}},"41":{"start":{"line":42,"column":0},"end":{"line":42,"column":7}},"42":{"start":{"line":43,"column":0},"end":{"line":43,"column":42}},"43":{"start":{"line":44,"column":0},"end":{"line":44,"column":39}},"44":{"start":{"line":45,"column":0},"end":{"line":45,"column":17}},"45":{"start":{"line":46,"column":0},"end":{"line":46,"column":65}},"46":{"start":{"line":47,"column":0},"end":{"line":47,"column":47}},"47":{"start":{"line":48,"column":0},"end":{"line":48,"column":28}},"48":{"start":{"line":49,"column":0},"end":{"line":49,"column":70}},"49":{"start":{"line":50,"column":0},"end":{"line":50,"column":34}},"50":{"start":{"line":51,"column":0},"end":{"line":51,"column":7}},"51":{"start":{"line":52,"column":0},"end":{"line":52,"column":44}},"52":{"start":{"line":53,"column":0},"end":{"line":53,"column":41}},"53":{"start":{"line":54,"column":0},"end":{"line":54,"column":12}},"54":{"start":{"line":55,"column":0},"end":{"line":55,"column":33}},"55":{"start":{"line":56,"column":0},"end":{"line":56,"column":5}},"56":{"start":{"line":57,"column":0},"end":{"line":57,"column":3}},"57":{"start":{"line":58,"column":0},"end":{"line":58,"column":2}},"58":{"start":{"line":59,"column":0},"end":{"line":59,"column":0}},"59":{"start":{"line":60,"column":0},"end":{"line":60,"column":45}},"60":{"start":{"line":61,"column":0},"end":{"line":61,"column":22}},"61":{"start":{"line":62,"column":0},"end":{"line":62,"column":3}},"62":{"start":{"line":63,"column":0},"end":{"line":63,"column":0}},"63":{"start":{"line":64,"column":0},"end":{"line":64,"column":39}},"64":{"start":{"line":65,"column":0},"end":{"line":65,"column":19}},"65":{"start":{"line":66,"column":0},"end":{"line":66,"column":16}},"66":{"start":{"line":67,"column":0},"end":{"line":67,"column":21}},"67":{"start":{"line":68,"column":0},"end":{"line":68,"column":3}},"68":{"start":{"line":69,"column":0},"end":{"line":69,"column":0}},"69":{"start":{"line":70,"column":0},"end":{"line":70,"column":38}},"70":{"start":{"line":71,"column":0},"end":{"line":71,"column":29}},"71":{"start":{"line":72,"column":0},"end":{"line":72,"column":60}},"72":{"start":{"line":73,"column":0},"end":{"line":73,"column":21}},"73":{"start":{"line":74,"column":0},"end":{"line":74,"column":42}},"74":{"start":{"line":75,"column":0},"end":{"line":75,"column":34}},"75":{"start":{"line":76,"column":0},"end":{"line":76,"column":7}},"76":{"start":{"line":77,"column":0},"end":{"line":77,"column":0}},"77":{"start":{"line":78,"column":0},"end":{"line":78,"column":32}},"78":{"start":{"line":79,"column":0},"end":{"line":79,"column":28}},"79":{"start":{"line":80,"column":0},"end":{"line":80,"column":54}},"80":{"start":{"line":81,"column":0},"end":{"line":81,"column":21}},"81":{"start":{"line":82,"column":0},"end":{"line":82,"column":37}},"82":{"start":{"line":83,"column":0},"end":{"line":83,"column":34}},"83":{"start":{"line":84,"column":0},"end":{"line":84,"column":7}},"84":{"start":{"line":85,"column":0},"end":{"line":85,"column":0}},"85":{"start":{"line":86,"column":0},"end":{"line":86,"column":33}},"86":{"start":{"line":87,"column":0},"end":{"line":87,"column":53}},"87":{"start":{"line":88,"column":0},"end":{"line":88,"column":18}},"88":{"start":{"line":89,"column":0},"end":{"line":89,"column":14}},"89":{"start":{"line":90,"column":0},"end":{"line":90,"column":55}},"90":{"start":{"line":91,"column":0},"end":{"line":91,"column":45}},"91":{"start":{"line":92,"column":0},"end":{"line":92,"column":20}},"92":{"start":{"line":93,"column":0},"end":{"line":93,"column":21}},"93":{"start":{"line":94,"column":0},"end":{"line":94,"column":42}},"94":{"start":{"line":95,"column":0},"end":{"line":95,"column":32}},"95":{"start":{"line":96,"column":0},"end":{"line":96,"column":5}},"96":{"start":{"line":97,"column":0},"end":{"line":97,"column":0}},"97":{"start":{"line":98,"column":0},"end":{"line":98,"column":42}},"98":{"start":{"line":99,"column":0},"end":{"line":99,"column":16}},"99":{"start":{"line":100,"column":0},"end":{"line":100,"column":15}},"100":{"start":{"line":101,"column":0},"end":{"line":101,"column":3}},"101":{"start":{"line":102,"column":0},"end":{"line":102,"column":0}},"102":{"start":{"line":103,"column":0},"end":{"line":103,"column":49}},"103":{"start":{"line":104,"column":0},"end":{"line":104,"column":56}},"104":{"start":{"line":105,"column":0},"end":{"line":105,"column":19}},"105":{"start":{"line":106,"column":0},"end":{"line":106,"column":14}},"106":{"start":{"line":107,"column":0},"end":{"line":107,"column":55}},"107":{"start":{"line":108,"column":0},"end":{"line":108,"column":45}},"108":{"start":{"line":109,"column":0},"end":{"line":109,"column":21}},"109":{"start":{"line":110,"column":0},"end":{"line":110,"column":26}},"110":{"start":{"line":111,"column":0},"end":{"line":111,"column":23}},"111":{"start":{"line":112,"column":0},"end":{"line":112,"column":6}},"112":{"start":{"line":113,"column":0},"end":{"line":113,"column":21}},"113":{"start":{"line":114,"column":0},"end":{"line":114,"column":35}},"114":{"start":{"line":115,"column":0},"end":{"line":115,"column":32}},"115":{"start":{"line":116,"column":0},"end":{"line":116,"column":5}},"116":{"start":{"line":117,"column":0},"end":{"line":117,"column":0}},"117":{"start":{"line":118,"column":0},"end":{"line":118,"column":39}},"118":{"start":{"line":119,"column":0},"end":{"line":119,"column":19}},"119":{"start":{"line":120,"column":0},"end":{"line":120,"column":3}},"120":{"start":{"line":121,"column":0},"end":{"line":121,"column":0}},"121":{"start":{"line":122,"column":0},"end":{"line":122,"column":54}},"122":{"start":{"line":123,"column":0},"end":{"line":123,"column":36}},"123":{"start":{"line":124,"column":0},"end":{"line":124,"column":18}},"124":{"start":{"line":125,"column":0},"end":{"line":125,"column":14}},"125":{"start":{"line":126,"column":0},"end":{"line":126,"column":40}},"126":{"start":{"line":127,"column":0},"end":{"line":127,"column":5}},"127":{"start":{"line":128,"column":0},"end":{"line":128,"column":55}},"128":{"start":{"line":129,"column":0},"end":{"line":129,"column":0}},"129":{"start":{"line":130,"column":0},"end":{"line":130,"column":29}},"130":{"start":{"line":131,"column":0},"end":{"line":131,"column":16}},"131":{"start":{"line":132,"column":0},"end":{"line":132,"column":15}},"132":{"start":{"line":133,"column":0},"end":{"line":133,"column":19}},"133":{"start":{"line":134,"column":0},"end":{"line":134,"column":2}},"134":{"start":{"line":135,"column":0},"end":{"line":135,"column":0}},"135":{"start":{"line":136,"column":0},"end":{"line":136,"column":38}},"136":{"start":{"line":137,"column":0},"end":{"line":137,"column":23}},"137":{"start":{"line":138,"column":0},"end":{"line":138,"column":22}},"138":{"start":{"line":139,"column":0},"end":{"line":139,"column":14}},"139":{"start":{"line":140,"column":0},"end":{"line":140,"column":3}},"140":{"start":{"line":141,"column":0},"end":{"line":141,"column":0}},"141":{"start":{"line":142,"column":0},"end":{"line":142,"column":55}},"142":{"start":{"line":143,"column":0},"end":{"line":143,"column":33}},"143":{"start":{"line":144,"column":0},"end":{"line":144,"column":19}},"144":{"start":{"line":145,"column":0},"end":{"line":145,"column":14}},"145":{"start":{"line":146,"column":0},"end":{"line":146,"column":54}},"146":{"start":{"line":147,"column":0},"end":{"line":147,"column":6}},"147":{"start":{"line":148,"column":0},"end":{"line":148,"column":30}},"148":{"start":{"line":149,"column":0},"end":{"line":149,"column":4}},"149":{"start":{"line":150,"column":0},"end":{"line":150,"column":53}},"150":{"start":{"line":151,"column":0},"end":{"line":151,"column":21}},"151":{"start":{"line":152,"column":0},"end":{"line":152,"column":37}},"152":{"start":{"line":153,"column":0},"end":{"line":153,"column":34}},"153":{"start":{"line":154,"column":0},"end":{"line":154,"column":7}},"154":{"start":{"line":155,"column":0},"end":{"line":155,"column":0}},"155":{"start":{"line":156,"column":0},"end":{"line":156,"column":26}},"156":{"start":{"line":157,"column":0},"end":{"line":157,"column":16}},"157":{"start":{"line":158,"column":0},"end":{"line":158,"column":19}},"158":{"start":{"line":159,"column":0},"end":{"line":159,"column":2}},"159":{"start":{"line":160,"column":0},"end":{"line":160,"column":0}},"160":{"start":{"line":161,"column":0},"end":{"line":161,"column":49}},"161":{"start":{"line":162,"column":0},"end":{"line":162,"column":30}},"162":{"start":{"line":163,"column":0},"end":{"line":163,"column":19}},"163":{"start":{"line":164,"column":0},"end":{"line":164,"column":14}},"164":{"start":{"line":165,"column":0},"end":{"line":165,"column":54}},"165":{"start":{"line":166,"column":0},"end":{"line":166,"column":6}},"166":{"start":{"line":167,"column":0},"end":{"line":167,"column":30}},"167":{"start":{"line":168,"column":0},"end":{"line":168,"column":4}},"168":{"start":{"line":169,"column":0},"end":{"line":169,"column":53}},"169":{"start":{"line":170,"column":0},"end":{"line":170,"column":21}},"170":{"start":{"line":171,"column":0},"end":{"line":171,"column":37}},"171":{"start":{"line":172,"column":0},"end":{"line":172,"column":34}},"172":{"start":{"line":173,"column":0},"end":{"line":173,"column":7}},"173":{"start":{"line":174,"column":0},"end":{"line":174,"column":0}},"174":{"start":{"line":175,"column":0},"end":{"line":175,"column":61}},"175":{"start":{"line":176,"column":0},"end":{"line":176,"column":34}},"176":{"start":{"line":177,"column":0},"end":{"line":177,"column":19}},"177":{"start":{"line":178,"column":0},"end":{"line":178,"column":14}},"178":{"start":{"line":179,"column":0},"end":{"line":179,"column":54}},"179":{"start":{"line":180,"column":0},"end":{"line":180,"column":6}},"180":{"start":{"line":181,"column":0},"end":{"line":181,"column":30}},"181":{"start":{"line":182,"column":0},"end":{"line":182,"column":4}},"182":{"start":{"line":183,"column":0},"end":{"line":183,"column":59}},"183":{"start":{"line":184,"column":0},"end":{"line":184,"column":21}},"184":{"start":{"line":185,"column":0},"end":{"line":185,"column":37}},"185":{"start":{"line":186,"column":0},"end":{"line":186,"column":34}},"186":{"start":{"line":187,"column":0},"end":{"line":187,"column":7}},"187":{"start":{"line":188,"column":0},"end":{"line":188,"column":0}},"188":{"start":{"line":189,"column":0},"end":{"line":189,"column":78}},"189":{"start":{"line":190,"column":0},"end":{"line":190,"column":40}},"190":{"start":{"line":191,"column":0},"end":{"line":191,"column":19}},"191":{"start":{"line":192,"column":0},"end":{"line":192,"column":14}},"192":{"start":{"line":193,"column":0},"end":{"line":193,"column":54}},"193":{"start":{"line":194,"column":0},"end":{"line":194,"column":6}},"194":{"start":{"line":195,"column":0},"end":{"line":195,"column":30}},"195":{"start":{"line":196,"column":0},"end":{"line":196,"column":4}},"196":{"start":{"line":197,"column":0},"end":{"line":197,"column":59}},"197":{"start":{"line":198,"column":0},"end":{"line":198,"column":21}},"198":{"start":{"line":199,"column":0},"end":{"line":199,"column":37}},"199":{"start":{"line":200,"column":0},"end":{"line":200,"column":34}},"200":{"start":{"line":201,"column":0},"end":{"line":201,"column":7}},"201":{"start":{"line":202,"column":0},"end":{"line":202,"column":0}},"202":{"start":{"line":203,"column":0},"end":{"line":203,"column":54}},"203":{"start":{"line":204,"column":0},"end":{"line":204,"column":0}},"204":{"start":{"line":205,"column":0},"end":{"line":205,"column":51}},"205":{"start":{"line":206,"column":0},"end":{"line":206,"column":55}},"206":{"start":{"line":207,"column":0},"end":{"line":207,"column":14}},"207":{"start":{"line":208,"column":0},"end":{"line":208,"column":60}},"208":{"start":{"line":209,"column":0},"end":{"line":209,"column":20}},"209":{"start":{"line":210,"column":0},"end":{"line":210,"column":5}},"210":{"start":{"line":211,"column":0},"end":{"line":211,"column":0}},"211":{"start":{"line":212,"column":0},"end":{"line":212,"column":62}},"212":{"start":{"line":213,"column":0},"end":{"line":213,"column":55}},"213":{"start":{"line":214,"column":0},"end":{"line":214,"column":20}},"214":{"start":{"line":215,"column":0},"end":{"line":215,"column":14}},"215":{"start":{"line":216,"column":0},"end":{"line":216,"column":55}},"216":{"start":{"line":217,"column":0},"end":{"line":217,"column":45}},"217":{"start":{"line":218,"column":0},"end":{"line":218,"column":21}},"218":{"start":{"line":219,"column":0},"end":{"line":219,"column":30}},"219":{"start":{"line":220,"column":0},"end":{"line":220,"column":5}},"220":{"start":{"line":221,"column":0},"end":{"line":221,"column":0}},"221":{"start":{"line":222,"column":0},"end":{"line":222,"column":43}},"222":{"start":{"line":223,"column":0},"end":{"line":223,"column":31}},"223":{"start":{"line":224,"column":0},"end":{"line":224,"column":19}},"224":{"start":{"line":225,"column":0},"end":{"line":225,"column":14}},"225":{"start":{"line":226,"column":0},"end":{"line":226,"column":54}},"226":{"start":{"line":227,"column":0},"end":{"line":227,"column":6}},"227":{"start":{"line":228,"column":0},"end":{"line":228,"column":35}},"228":{"start":{"line":229,"column":0},"end":{"line":229,"column":46}}},"s":{"0":1,"1":1,"2":1,"3":1,"4":1,"5":1,"6":0,"7":1,"8":1,"9":1,"10":1,"11":1,"12":1,"13":1,"14":1,"15":1,"16":1,"17":1,"18":0,"19":0,"20":0,"21":0,"22":0,"23":0,"24":0,"25":0,"26":0,"27":0,"28":0,"29":0,"30":0,"31":0,"32":0,"33":0,"34":0,"35":0,"36":1,"37":1,"38":0,"39":0,"40":0,"41":0,"42":0,"43":0,"44":0,"45":0,"46":0,"47":0,"48":0,"49":0,"50":0,"51":0,"52":0,"53":0,"54":0,"55":0,"56":0,"57":0,"58":1,"59":1,"60":1,"61":1,"62":1,"63":1,"64":1,"65":1,"66":1,"67":1,"68":1,"69":1,"70":0,"71":0,"72":0,"73":0,"74":0,"75":0,"76":1,"77":1,"78":0,"79":0,"80":0,"81":0,"82":0,"83":0,"84":1,"85":1,"86":0,"87":0,"88":0,"89":0,"90":0,"91":0,"92":0,"93":0,"94":0,"95":0,"96":1,"97":1,"98":1,"99":1,"100":1,"101":1,"102":1,"103":0,"104":0,"105":0,"106":0,"107":0,"108":0,"109":0,"110":0,"111":0,"112":0,"113":0,"114":0,"115":0,"116":1,"117":1,"118":1,"119":1,"120":1,"121":1,"122":0,"123":0,"124":0,"125":0,"126":0,"127":0,"128":1,"129":1,"130":1,"131":1,"132":1,"133":1,"134":1,"135":1,"136":1,"137":1,"138":1,"139":1,"140":1,"141":1,"142":0,"143":0,"144":0,"145":0,"146":0,"147":0,"148":0,"149":0,"150":0,"151":0,"152":0,"153":0,"154":1,"155":1,"156":1,"157":1,"158":1,"159":1,"160":1,"161":0,"162":0,"163":0,"164":0,"165":0,"166":0,"167":0,"168":0,"169":0,"170":0,"171":0,"172":0,"173":1,"174":1,"175":0,"176":0,"177":0,"178":0,"179":0,"180":0,"181":0,"182":0,"183":0,"184":0,"185":0,"186":0,"187":1,"188":1,"189":0,"190":0,"191":0,"192":0,"193":0,"194":0,"195":0,"196":0,"197":0,"198":0,"199":0,"200":0,"201":1,"202":1,"203":1,"204":1,"205":0,"206":0,"207":0,"208":0,"209":0,"210":1,"211":1,"212":0,"213":0,"214":0,"215":0,"216":0,"217":0,"218":0,"219":0,"220":1,"221":1,"222":0,"223":0,"224":0,"225":0,"226":0,"227":0,"228":0},"branchMap":{},"b":{},"fnMap":{"0":{"name":"checkResponse","decl":{"start":{"line":6,"column":22},"end":{"line":7,"column":70}},"loc":{"start":{"line":6,"column":22},"end":{"line":7,"column":70}},"line":6},"1":{"name":"refreshToken","decl":{"start":{"line":18,"column":28},"end":{"line":36,"column":7}},"loc":{"start":{"line":18,"column":28},"end":{"line":36,"column":7}},"line":18},"2":{"name":"fetchWithRefresh","decl":{"start":{"line":38,"column":32},"end":{"line":58,"column":2}},"loc":{"start":{"line":38,"column":32},"end":{"line":58,"column":2}},"line":38},"3":{"name":"getIngredientsApi","decl":{"start":{"line":70,"column":33},"end":{"line":76,"column":7}},"loc":{"start":{"line":70,"column":33},"end":{"line":76,"column":7}},"line":70},"4":{"name":"getFeedsApi","decl":{"start":{"line":78,"column":27},"end":{"line":84,"column":7}},"loc":{"start":{"line":78,"column":27},"end":{"line":84,"column":7}},"line":78},"5":{"name":"getOrdersApi","decl":{"start":{"line":86,"column":28},"end":{"line":96,"column":5}},"loc":{"start":{"line":86,"column":28},"end":{"line":96,"column":5}},"line":86},"6":{"name":"orderBurgerApi","decl":{"start":{"line":103,"column":30},"end":{"line":116,"column":5}},"loc":{"start":{"line":103,"column":30},"end":{"line":116,"column":5}},"line":103},"7":{"name":"getOrderByNumberApi","decl":{"start":{"line":122,"column":35},"end":{"line":128,"column":55}},"loc":{"start":{"line":122,"column":35},"end":{"line":128,"column":55}},"line":122},"8":{"name":"registerUserApi","decl":{"start":{"line":142,"column":31},"end":{"line":154,"column":7}},"loc":{"start":{"line":142,"column":31},"end":{"line":154,"column":7}},"line":142},"9":{"name":"loginUserApi","decl":{"start":{"line":161,"column":28},"end":{"line":173,"column":7}},"loc":{"start":{"line":161,"column":28},"end":{"line":173,"column":7}},"line":161},"10":{"name":"forgotPasswordApi","decl":{"start":{"line":175,"column":33},"end":{"line":187,"column":7}},"loc":{"start":{"line":175,"column":33},"end":{"line":187,"column":7}},"line":175},"11":{"name":"resetPasswordApi","decl":{"start":{"line":189,"column":32},"end":{"line":201,"column":7}},"loc":{"start":{"line":189,"column":32},"end":{"line":201,"column":7}},"line":189},"12":{"name":"getUserApi","decl":{"start":{"line":205,"column":26},"end":{"line":210,"column":5}},"loc":{"start":{"line":205,"column":26},"end":{"line":210,"column":5}},"line":205},"13":{"name":"updateUserApi","decl":{"start":{"line":212,"column":29},"end":{"line":220,"column":5}},"loc":{"start":{"line":212,"column":29},"end":{"line":220,"column":5}},"line":212},"14":{"name":"logoutApi","decl":{"start":{"line":222,"column":25},"end":{"line":229,"column":46}},"loc":{"start":{"line":222,"column":25},"end":{"line":229,"column":46}},"line":222}},"f":{"0":0,"1":0,"2":0,"3":0,"4":0,"5":0,"6":0,"7":0,"8":0,"9":0,"10":0,"11":0,"12":0,"13":0,"14":0}}
,"C:\\orlovke\\yandex\\stellar-burgers\\src\\utils\\cookie.ts": {"path":"C:\\orlovke\\yandex\\stellar-burgers\\src\\utils\\cookie.ts","all":false,"statementMap":{"0":{"start":{"line":1,"column":0},"end":{"line":1,"column":61}},"1":{"start":{"line":2,"column":0},"end":{"line":2,"column":40}},"2":{"start":{"line":3,"column":0},"end":{"line":3,"column":15}},"3":{"start":{"line":4,"column":0},"end":{"line":4,"column":18}},"4":{"start":{"line":5,"column":0},"end":{"line":5,"column":53}},"5":{"start":{"line":6,"column":0},"end":{"line":6,"column":62}},"6":{"start":{"line":7,"column":0},"end":{"line":7,"column":18}},"7":{"start":{"line":8,"column":0},"end":{"line":8,"column":5}},"8":{"start":{"line":9,"column":0},"end":{"line":9,"column":4}},"9":{"start":{"line":10,"column":0},"end":{"line":10,"column":62}},"10":{"start":{"line":11,"column":0},"end":{"line":11,"column":1}},"11":{"start":{"line":12,"column":0},"end":{"line":12,"column":0}},"12":{"start":{"line":13,"column":0},"end":{"line":13,"column":26}},"13":{"start":{"line":14,"column":0},"end":{"line":14,"column":15}},"14":{"start":{"line":15,"column":0},"end":{"line":15,"column":16}},"15":{"start":{"line":16,"column":0},"end":{"line":16,"column":65}},"16":{"start":{"line":17,"column":0},"end":{"line":17,"column":3}},"17":{"start":{"line":18,"column":0},"end":{"line":18,"column":11}},"18":{"start":{"line":19,"column":0},"end":{"line":19,"column":14}},"19":{"start":{"line":20,"column":0},"end":{"line":20,"column":12}},"20":{"start":{"line":21,"column":0},"end":{"line":21,"column":4}},"21":{"start":{"line":22,"column":0},"end":{"line":22,"column":0}},"22":{"start":{"line":23,"column":0},"end":{"line":23,"column":26}},"23":{"start":{"line":24,"column":0},"end":{"line":24,"column":39}},"24":{"start":{"line":25,"column":0},"end":{"line":25,"column":25}},"25":{"start":{"line":26,"column":0},"end":{"line":26,"column":40}},"26":{"start":{"line":27,"column":0},"end":{"line":27,"column":28}},"27":{"start":{"line":28,"column":0},"end":{"line":28,"column":3}},"28":{"start":{"line":29,"column":0},"end":{"line":29,"column":0}},"29":{"start":{"line":30,"column":0},"end":{"line":30,"column":35}},"30":{"start":{"line":31,"column":0},"end":{"line":31,"column":38}},"31":{"start":{"line":32,"column":0},"end":{"line":32,"column":3}},"32":{"start":{"line":33,"column":0},"end":{"line":33,"column":36}},"33":{"start":{"line":34,"column":0},"end":{"line":34,"column":41}},"34":{"start":{"line":35,"column":0},"end":{"line":35,"column":33}},"35":{"start":{"line":36,"column":0},"end":{"line":36,"column":37}},"36":{"start":{"line":37,"column":0},"end":{"line":37,"column":38}},"37":{"start":{"line":38,"column":0},"end":{"line":38,"column":29}},"38":{"start":{"line":39,"column":0},"end":{"line":39,"column":39}},"39":{"start":{"line":40,"column":0},"end":{"line":40,"column":5}},"40":{"start":{"line":41,"column":0},"end":{"line":41,"column":3}},"41":{"start":{"line":42,"column":0},"end":{"line":42,"column":34}},"42":{"start":{"line":43,"column":0},"end":{"line":43,"column":1}},"43":{"start":{"line":44,"column":0},"end":{"line":44,"column":0}},"44":{"start":{"line":45,"column":0},"end":{"line":45,"column":44}},"45":{"start":{"line":46,"column":0},"end":{"line":46,"column":39}},"46":{"start":{"line":47,"column":0},"end":{"line":47,"column":1}}},"s":{"0":0,"1":0,"2":0,"3":0,"4":0,"5":0,"6":0,"7":0,"8":0,"9":0,"10":0,"11":1,"12":0,"13":0,"14":0,"15":0,"16":0,"17":0,"18":0,"19":0,"20":0,"21":0,"22":0,"23":0,"24":0,"25":0,"26":0,"27":0,"28":0,"29":0,"30":0,"31":0,"32":0,"33":0,"34":0,"35":0,"36":0,"37":0,"38":0,"39":0,"40":0,"41":0,"42":0,"43":1,"44":0,"45":0,"46":0},"branchMap":{},"b":{},"fnMap":{"0":{"name":"getCookie","decl":{"start":{"line":1,"column":0},"end":{"line":11,"column":1}},"loc":{"start":{"line":1,"column":0},"end":{"line":11,"column":1}},"line":1},"1":{"name":"setCookie","decl":{"start":{"line":13,"column":0},"end":{"line":43,"column":1}},"loc":{"start":{"line":13,"column":0},"end":{"line":43,"column":1}},"line":13},"2":{"name":"deleteCookie","decl":{"start":{"line":45,"column":0},"end":{"line":47,"column":1}},"loc":{"start":{"line":45,"column":0},"end":{"line":47,"column":1}},"line":45}},"f":{"0":0,"1":0,"2":0}}
}
